============================================================
Time  2017/11/26 04:44:45 848 
============================================================
[2017/11/26 04:44:45 849] isr        1659 isr loaded!  
[2017/11/26 04:44:45 849] isr        1642 SYS_MSG_REGCB param0 =   msp_status_cb  param1 =   func(b561b3d8) 
[2017/11/26 04:44:45 849] isr        1537 ASR_MSG_SSB  
[2017/11/26 04:44:45 849] isr        1066 session_begin() [in], params:   engine_type = local, 		asr_res_path = fo|res/asr/common.jet, sample_rate = 16000, 		grm_build_path = res/asr/GrmBuilld, local_grammar = call, 		result_type = xml, result_encoding = UTF-8,   nil  
[2017/11/26 04:44:45 849] isr        927  vad_set [in]  
[2017/11/26 04:44:45 849] isr        962  vad_enable :  true  
[2017/11/26 04:44:45 849] isr        980  vad_bos :  10000  
[2017/11/26 04:44:45 849] isr        981  vad_eos :  2000  
[2017/11/26 04:44:45 849] isr        886  enable_vad [in]  
[2017/11/26 04:44:45 850] isr        918  vad enabled!  2000  10000  
[2017/11/26 04:44:45 850] isr        921  enable_vad [out]  
[2017/11/26 04:44:45 850] isr        987  vad_set [out] | ret =  0  
[2017/11/26 04:44:45 850] isr        1182 cur_engine_type =   local  
[2017/11/26 04:44:45 850] isr        992  local_session_begin  
[2017/11/26 04:44:45 855] isr        1547 ASR_MSG_AUW,   local  
[2017/11/26 04:44:45 855] isr        1559 6400  1  
[2017/11/26 04:44:45 855] isr        1569 once_bytes:   6400  
[2017/11/26 04:44:45 856] isr        851  [aud] speech start  
[2017/11/26 04:44:45 856] isr        798  1  msc  
[2017/11/26 04:44:46 008] isr        1547 ASR_MSG_AUW,   local  
[2017/11/26 04:44:46 008] isr        1559 6400  2  
[2017/11/26 04:44:46 158] isr        1547 ASR_MSG_AUW,   local  
[2017/11/26 04:44:46 158] isr        1559 6400  2  
[2017/11/26 04:44:46 308] isr        1547 ASR_MSG_AUW,   local  
[2017/11/26 04:44:46 308] isr        1559 6400  2  
[2017/11/26 04:44:46 463] isr        1547 ASR_MSG_AUW,   local  
[2017/11/26 04:44:46 463] isr        1559 6400  2  
[2017/11/26 04:44:46 613] isr        1547 ASR_MSG_AUW,   local  
[2017/11/26 04:44:46 613] isr        1559 6400  2  
[2017/11/26 04:44:46 764] isr        1547 ASR_MSG_AUW,   local  
[2017/11/26 04:44:46 764] isr        1559 6400  2  
[2017/11/26 04:44:46 917] isr        1547 ASR_MSG_AUW,   local  
[2017/11/26 04:44:46 917] isr        1559 6400  2  
[2017/11/26 04:44:46 921] isr        723  local_cbmsg_handler  ,msg=  404  param1=  nil  
[2017/11/26 04:44:47 070] isr        1547 ASR_MSG_AUW,   local  
[2017/11/26 04:44:47 070] isr        1559 6400  2  
[2017/11/26 04:44:47 221] isr        1547 ASR_MSG_AUW,   local  
[2017/11/26 04:44:47 221] isr        1559 6400  2  
[2017/11/26 04:44:47 372] isr        1547 ASR_MSG_AUW,   local  
[2017/11/26 04:44:47 372] isr        1559 6400  2  
[2017/11/26 04:44:47 522] isr        1547 ASR_MSG_AUW,   local  
[2017/11/26 04:44:47 523] isr        1559 6400  2  
[2017/11/26 04:44:47 673] isr        1547 ASR_MSG_AUW,   local  
[2017/11/26 04:44:47 673] isr        1559 6400  2  
[2017/11/26 04:44:47 824] isr        1547 ASR_MSG_AUW,   local  
[2017/11/26 04:44:47 824] isr        1559 6400  2  
[2017/11/26 04:44:47 977] isr        1547 ASR_MSG_AUW,   local  
[2017/11/26 04:44:47 977] isr        1559 6400  2  
[2017/11/26 04:44:48 130] isr        1547 ASR_MSG_AUW,   local  
[2017/11/26 04:44:48 130] isr        1559 6400  2  
[2017/11/26 04:44:48 281] isr        1547 ASR_MSG_AUW,   local  
[2017/11/26 04:44:48 281] isr        1559 6400  2  
[2017/11/26 04:44:48 432] isr        1547 ASR_MSG_AUW,   local  
[2017/11/26 04:44:48 432] isr        1559 6400  2  
[2017/11/26 04:44:48 583] isr        1547 ASR_MSG_AUW,   local  
[2017/11/26 04:44:48 583] isr        1559 6400  2  
[2017/11/26 04:44:48 734] isr        1547 ASR_MSG_AUW,   local  
[2017/11/26 04:44:48 734] isr        1559 6400  2  
[2017/11/26 04:44:48 886] isr        1547 ASR_MSG_AUW,   local  
[2017/11/26 04:44:48 886] isr        1559 7662  2  
[2017/11/26 04:44:49 038] isr        1547 ASR_MSG_AUW,   local  
[2017/11/26 04:44:49 038] isr        1559 0  4  
[2017/11/26 04:44:49 038] isr        1592 aud end, USER  
[2017/11/26 04:44:49 038] isr        854  [aud] speech end  
[2017/11/26 04:44:49 038] isr        798  3  msc  
[2017/11/26 04:44:49 039] isr        723  local_cbmsg_handler  ,msg=  406  param1=  nil  
[2017/11/26 04:44:49 039] isr        1636 ASR_MSG_GRSLT,   local  
[2017/11/26 04:44:49 039] isr        1307 0  nil  2  
[2017/11/26 04:44:49 065] isr        723  local_cbmsg_handler  ,msg=  407  param1=  udata(b5681514) 
[2017/11/26 04:44:49 065] isr        641  process_result call:  local  udata(b5681514) 94  2  
[2017/11/26 04:44:49 065] isr        798  3  msc  
[2017/11/26 04:44:49 065] isr        800  already speech end  
[2017/11/26 04:44:49 065] isr        723  local_cbmsg_handler  ,msg=  408  param1=  nil  
[2017/11/26 04:44:49 065] isr        734  local session recognized end!  
[2017/11/26 04:44:49 190] isr        1636 ASR_MSG_GRSLT,   local  
[2017/11/26 04:44:49 190] isr        1307 0  udata(b5681514) 5  
[2017/11/26 04:44:49 341] isr        1639 ASR_MSG_SSE,   local  
[2017/11/26 04:44:49 341] isr        1356 session_end() [in]  
[2017/11/26 04:44:49 342] isr        1377 local_session_end() [in]  
[2017/11/26 04:44:49 342] isr        1416 ASR_LOCAL_MSG_SSE net_type  nil  
[2017/11/26 04:44:49 342] isr        1667 isr unload!  
============================================================
Time  2017/11/26 04:44:55 084 
============================================================
[2017/11/26 04:44:55 085] isr        1659 isr loaded!  
[2017/11/26 04:44:55 085] isr        1642 SYS_MSG_REGCB param0 =   msp_status_cb  param1 =   func(b565eff8) 
[2017/11/26 04:44:55 085] isr        1537 ASR_MSG_SSB  
[2017/11/26 04:44:55 085] isr        1066 session_begin() [in], params:   engine_type = local, 		asr_res_path = fo|res/asr/common.jet, sample_rate = 16000, 		grm_build_path = res/asr/GrmBuilld, local_grammar = call, 		result_type = xml, result_encoding = UTF-8,   nil  
[2017/11/26 04:44:55 085] isr        927  vad_set [in]  
[2017/11/26 04:44:55 085] isr        962  vad_enable :  true  
[2017/11/26 04:44:55 085] isr        980  vad_bos :  10000  
[2017/11/26 04:44:55 086] isr        981  vad_eos :  2000  
[2017/11/26 04:44:55 086] isr        886  enable_vad [in]  
[2017/11/26 04:44:55 086] isr        918  vad enabled!  2000  10000  
[2017/11/26 04:44:55 086] isr        921  enable_vad [out]  
[2017/11/26 04:44:55 086] isr        987  vad_set [out] | ret =  0  
[2017/11/26 04:44:55 086] isr        1182 cur_engine_type =   local  
[2017/11/26 04:44:55 086] isr        992  local_session_begin  
[2017/11/26 04:44:55 090] isr        1547 ASR_MSG_AUW,   local  
[2017/11/26 04:44:55 090] isr        1559 6400  1  
[2017/11/26 04:44:55 090] isr        1569 once_bytes:   6400  
[2017/11/26 04:44:55 092] isr        851  [aud] speech start  
[2017/11/26 04:44:55 092] isr        798  1  msc  
[2017/11/26 04:44:55 241] isr        1547 ASR_MSG_AUW,   local  
[2017/11/26 04:44:55 241] isr        1559 6400  2  
[2017/11/26 04:44:55 392] isr        1547 ASR_MSG_AUW,   local  
[2017/11/26 04:44:55 392] isr        1559 6400  2  
[2017/11/26 04:44:55 542] isr        1547 ASR_MSG_AUW,   local  
[2017/11/26 04:44:55 542] isr        1559 6400  2  
[2017/11/26 04:44:55 693] isr        1547 ASR_MSG_AUW,   local  
[2017/11/26 04:44:55 693] isr        1559 6400  2  
[2017/11/26 04:44:55 843] isr        1547 ASR_MSG_AUW,   local  
[2017/11/26 04:44:55 843] isr        1559 6400  2  
[2017/11/26 04:44:55 994] isr        1547 ASR_MSG_AUW,   local  
[2017/11/26 04:44:55 994] isr        1559 6400  2  
[2017/11/26 04:44:56 146] isr        1547 ASR_MSG_AUW,   local  
[2017/11/26 04:44:56 146] isr        1559 6400  2  
[2017/11/26 04:44:56 149] isr        723  local_cbmsg_handler  ,msg=  404  param1=  nil  
[2017/11/26 04:44:56 300] isr        1547 ASR_MSG_AUW,   local  
[2017/11/26 04:44:56 300] isr        1559 6400  2  
[2017/11/26 04:44:56 451] isr        1547 ASR_MSG_AUW,   local  
[2017/11/26 04:44:56 451] isr        1559 6400  2  
[2017/11/26 04:44:56 602] isr        1547 ASR_MSG_AUW,   local  
[2017/11/26 04:44:56 602] isr        1559 6400  2  
[2017/11/26 04:44:56 753] isr        1547 ASR_MSG_AUW,   local  
[2017/11/26 04:44:56 753] isr        1559 6400  2  
[2017/11/26 04:44:56 904] isr        1547 ASR_MSG_AUW,   local  
[2017/11/26 04:44:56 904] isr        1559 6400  2  
[2017/11/26 04:44:57 055] isr        1547 ASR_MSG_AUW,   local  
[2017/11/26 04:44:57 055] isr        1559 6400  2  
[2017/11/26 04:44:57 207] isr        1547 ASR_MSG_AUW,   local  
[2017/11/26 04:44:57 207] isr        1559 6400  2  
[2017/11/26 04:44:57 360] isr        1547 ASR_MSG_AUW,   local  
[2017/11/26 04:44:57 360] isr        1559 6400  2  
[2017/11/26 04:44:57 512] isr        1547 ASR_MSG_AUW,   local  
[2017/11/26 04:44:57 512] isr        1559 6400  2  
[2017/11/26 04:44:57 663] isr        1547 ASR_MSG_AUW,   local  
[2017/11/26 04:44:57 664] isr        1559 6400  2  
[2017/11/26 04:44:57 814] isr        1547 ASR_MSG_AUW,   local  
[2017/11/26 04:44:57 814] isr        1559 6400  2  
[2017/11/26 04:44:57 965] isr        1547 ASR_MSG_AUW,   local  
[2017/11/26 04:44:57 965] isr        1559 6400  2  
[2017/11/26 04:44:58 115] isr        1547 ASR_MSG_AUW,   local  
[2017/11/26 04:44:58 115] isr        1559 7662  2  
[2017/11/26 04:44:58 267] isr        1547 ASR_MSG_AUW,   local  
[2017/11/26 04:44:58 267] isr        1559 0  4  
[2017/11/26 04:44:58 267] isr        1592 aud end, USER  
[2017/11/26 04:44:58 268] isr        854  [aud] speech end  
[2017/11/26 04:44:58 268] isr        798  3  msc  
[2017/11/26 04:44:58 268] isr        723  local_cbmsg_handler  ,msg=  406  param1=  nil  
[2017/11/26 04:44:58 268] isr        1636 ASR_MSG_GRSLT,   local  
[2017/11/26 04:44:58 268] isr        1307 0  nil  2  
[2017/11/26 04:44:58 293] isr        723  local_cbmsg_handler  ,msg=  407  param1=  udata(b561cf8c) 
[2017/11/26 04:44:58 293] isr        641  process_result call:  local  udata(b561cf8c) 93  2  
[2017/11/26 04:44:58 293] isr        798  3  msc  
[2017/11/26 04:44:58 293] isr        800  already speech end  
[2017/11/26 04:44:58 294] isr        723  local_cbmsg_handler  ,msg=  408  param1=  nil  
[2017/11/26 04:44:58 294] isr        734  local session recognized end!  
[2017/11/26 04:44:58 419] isr        1636 ASR_MSG_GRSLT,   local  
[2017/11/26 04:44:58 419] isr        1307 0  udata(b561cf8c) 5  
[2017/11/26 04:44:58 570] isr        1639 ASR_MSG_SSE,   local  
[2017/11/26 04:44:58 570] isr        1356 session_end() [in]  
[2017/11/26 04:44:58 570] isr        1377 local_session_end() [in]  
[2017/11/26 04:44:58 571] isr        1416 ASR_LOCAL_MSG_SSE net_type  nil  
[2017/11/26 04:44:58 575] isr        1667 isr unload!  
